<?xml version="1.0" encoding="UTF-8"?>
<!-- Generated by org.testng.reporters.JUnitReportReporter -->
<testsuite hostname="DESKTOP-95QHTH0" failures="0" tests="3" name="com.qa.testscripts.flipkart" time="8.661" errors="0" timestamp="2023-08-09T19:04:29 IST" skipped="0">
  <testcase classname="com.qa.testscripts.flipkart" name="checkPopUpCloseButton" time="0.222"/>
  <system-out/>
  <testcase classname="com.qa.testscripts.flipkart" name="checkPosition" time="0.152"/>
  <system-out/>
  <testcase classname="com.qa.testscripts.flipkart" name="checkSearch" time="8.287"/>
  <system-out/>
</testsuite> <!-- com.qa.testscripts.flipkart -->
